<?xml version="1.0" encoding="UTF-8"?>
<testng-results skipped="0" failed="0" ignored="0" total="1" passed="1">
  <reporter-output>
  </reporter-output>
  <suite name="Default suite" duration-ms="10474" started-at="2017-02-17T11:51:48Z" finished-at="2017-02-17T11:51:58Z">
    <groups>
    </groups>
    <test name="Default test" duration-ms="10474" started-at="2017-02-17T11:51:48Z" finished-at="2017-02-17T11:51:58Z">
      <class name="com.epam.byta.patterns.singleton.TutByTest">
        <test-method status="PASS" signature="tutByTest()[pri:0, instance:com.epam.byta.patterns.singleton.TutByTest@20e2cbe0]" name="tutByTest" duration-ms="10410" started-at="2017-02-17T14:51:48Z" finished-at="2017-02-17T14:51:58Z">
          <reporter-output>
          </reporter-output>
        </test-method> <!-- tutByTest -->
      </class> <!-- com.epam.byta.patterns.singleton.TutByTest -->
    </test> <!-- Default test -->
  </suite> <!-- Default suite -->
</testng-results>
